<?xml version="1.0" encoding="UTF-8"?>
<!-- Generated by org.testng.reporters.JUnitReportReporter -->
<testsuite hostname="Salman" failures="0" tests="1" name="com.tricentis.automobiles.pages.SendQuote" time="20.794" errors="0" timestamp="2023-03-21T12:26:47 IST" skipped="0">
  <testcase classname="com.tricentis.automobiles.pages.SendQuote" name="sendQuoteDetails" time="20.794"/>
  <system-out/>
</testsuite> <!-- com.tricentis.automobiles.pages.SendQuote -->
