<?xml version="1.0" encoding="UTF-8"?>
<!-- Generated by org.testng.reporters.JUnitReportReporter -->
<testsuite hostname="Salman" failures="0" tests="2" name="com.tricentis.Testcases.HomePageTestCase" time="13.347" errors="0" timestamp="2023-03-26T13:38:38 IST" skipped="0">
  <testcase classname="com.tricentis.Testcases.HomePageTestCase" name="validateHomePageTitle" time="4.814"/>
  <system-out/>
  <testcase classname="com.tricentis.Testcases.HomePageTestCase" name="validateHomepageLnks" time="8.533"/>
  <system-out/>
</testsuite> <!-- com.tricentis.Testcases.HomePageTestCase -->
