<?xml version="1.0" encoding="UTF-8"?>
<!-- Generated by org.testng.reporters.JUnitReportReporter -->
<testsuite hostname="Salman" failures="0" tests="5" name="com.tricentis.automobiles.pages.TestData" time="0.010" errors="0" timestamp="2023-03-04T00:36:38 IST" skipped="0">
  <testcase classname="com.tricentis.automobiles.pages.TestData" name="tricentisValidation" time="0.001"/>
  <system-out/>
  <testcase classname="com.tricentis.automobiles.pages.TestData" name="tricentisValidation" time="0.005"/>
  <system-out/>
  <testcase classname="com.tricentis.automobiles.pages.TestData" name="tricentisValidation" time="0.002"/>
  <system-out/>
  <testcase classname="com.tricentis.automobiles.pages.TestData" name="tricentisValidation" time="0.001"/>
  <system-out/>
  <testcase classname="com.tricentis.automobiles.pages.TestData" name="tricentisValidation" time="0.001"/>
  <system-out/>
</testsuite> <!-- com.tricentis.automobiles.pages.TestData -->
