<?xml version="1.0" encoding="UTF-8"?>
<!-- Generated by org.testng.reporters.JUnitReportReporter -->
<testsuite hostname="Salman" failures="0" tests="2" name="com.tricentis.Testcases.HomePageTest" time="9.647" errors="0" timestamp="2023-03-28T15:23:59 IST" skipped="0">
  <testcase classname="com.tricentis.Testcases.HomePageTest" name="validateHomePageTitle" time="4.031"/>
  <system-out/>
  <testcase classname="com.tricentis.Testcases.HomePageTest" name="validateHomepageLnks" time="5.616"/>
  <system-out/>
</testsuite> <!-- com.tricentis.Testcases.HomePageTest -->
