<?xml version="1.0" encoding="UTF-8"?>
<!-- Generated by org.testng.reporters.JUnitReportReporter -->
<testsuite hostname="Salman" failures="0" tests="1" name="com.tricentis.automobiles.pages.EnterInsurantData2" time="17.282" errors="0" timestamp="2023-03-16T20:35:45 IST" skipped="0">
  <testcase classname="com.tricentis.automobiles.pages.EnterInsurantData2" name="EnterInsurance" time="17.282"/>
  <system-out/>
</testsuite> <!-- com.tricentis.automobiles.pages.EnterInsurantData2 -->
