<?xml version="1.0" encoding="UTF-8"?>
<!-- Generated by org.testng.reporters.JUnitReportReporter -->
<testsuite hostname="Salman" failures="0" tests="4" name="com.tricentis.automobiles.pages.TestDataUsingHashtable" time="0.006" errors="0" timestamp="2023-03-14T23:32:00 IST" skipped="0">
  <testcase classname="com.tricentis.automobiles.pages.TestDataUsingHashtable" name="tricentisdatanew" time="0.000"/>
  <system-out/>
  <testcase classname="com.tricentis.automobiles.pages.TestDataUsingHashtable" name="tricentisdatanew" time="0.001"/>
  <system-out/>
  <testcase classname="com.tricentis.automobiles.pages.TestDataUsingHashtable" name="tricentisdatanew" time="0.000"/>
  <system-out/>
  <testcase classname="com.tricentis.automobiles.pages.TestDataUsingHashtable" name="tricentisdatanew" time="0.005"/>
  <system-out/>
</testsuite> <!-- com.tricentis.automobiles.pages.TestDataUsingHashtable -->
