<?xml version="1.0" encoding="UTF-8"?>
<!-- Generated by org.testng.reporters.JUnitReportReporter -->
<testsuite hostname="Salman" failures="0" tests="1" name="com.tricentis.automobiles.pages.EnterInsurantDataPage" time="16.027" errors="0" timestamp="2023-03-22T16:26:08 IST" skipped="0">
  <testcase classname="com.tricentis.automobiles.pages.EnterInsurantDataPage" name="EnterInsurance" time="16.027"/>
  <system-out/>
</testsuite> <!-- com.tricentis.automobiles.pages.EnterInsurantDataPage -->
